INFO    -  DeprecationWarning: pkg_resources is deprecated as an API
  File "/Users/tgsoverly/code/visivo/.venv/lib/python3.10/site-packages/mkdocs_macros/context.py", line 19, in <module>
    import pkg_resources
  File "/Users/tgsoverly/code/visivo/.venv/lib/python3.10/site-packages/pkg_resources/__init__.py", line 121, in <module>
    warnings.warn("pkg_resources is deprecated as an API", DeprecationWarning)

INFO    -  DeprecationWarning: warning_filter doesn't do anything since MkDocs 1.2 and will be removed soon. All messages on the `mkdocs` logger get counted automatically.
  File "/Users/tgsoverly/code/visivo/.venv/lib/python3.10/site-packages/mkdocs_macros/util.py", line 20, in <module>
    from mkdocs.utils import warning_filter
  File "/Users/tgsoverly/code/visivo/.venv/lib/python3.10/site-packages/mkdocs/utils/__init__.py", line 403, in __getattr__
    warnings.warn(

INFO    -  Building documentation...
INFO    -  [macros] - Macros arguments: {'module_name': 'mkdocs/src/main', 'modules': [], 'include_dir': '', 'include_yaml': [], 'j2_block_start_string': '', 'j2_block_end_string': '', 'j2_variable_start_string': '', 'j2_variable_end_string': '', 'on_undefined': 'strict', 'on_error_fail': True, 'verbose': False}
INFO    -  [macros] - Found local Python module 'mkdocs/src/main' in: /Users/tgsoverly/code/visivo
INFO    -  [macros] - Found external Python module 'mkdocs/src/main' in: /Users/tgsoverly/code/visivo
INFO    -  [macros] - Extra variables (config file): ['analytics']
INFO    -  [macros] - Extra filters (module): ['pretty']
INFO    -  Cleaning site directory
INFO    -  The following pages exist in the docs directory, but are not included in the "nav" configuration:
  - how_tos.md
  - use_cases.md
  - reference/configuration/Alerts/ConsoleAlert/index.md
  - reference/configuration/Alerts/EmailAlert/index.md
  - reference/configuration/Alerts/SlackAlert/index.md
  - reference/props-docs/README.md
  - reference/props-docs/bar.md
  - reference/props-docs/barpolar.md
  - reference/props-docs/box.md
  - reference/props-docs/candlestick.md
  - reference/props-docs/carpet.md
  - reference/props-docs/choropleth.md
  - reference/props-docs/choroplethmapbox.md
  - reference/props-docs/cone.md
  - reference/props-docs/contour.md
  - reference/props-docs/contourcarpet.md
  - reference/props-docs/densitymapbox.md
  - reference/props-docs/funnel.md
  - reference/props-docs/funnelarea.md
  - reference/props-docs/heatmap.md
  - reference/props-docs/heatmapgl.md
  - reference/props-docs/histogram.md
  - reference/props-docs/histogram2d.md
  - reference/props-docs/histogram2dcontour.md
  - reference/props-docs/icicle.md
  - reference/props-docs/image.md
  - reference/props-docs/indicator.md
  - reference/props-docs/isosurface.md
  - reference/props-docs/mesh3d.md
  - reference/props-docs/ohlc.md
  - reference/props-docs/parcats.md
  - reference/props-docs/parcoords.md
  - reference/props-docs/pie.md
  - reference/props-docs/sankey.md
  - reference/props-docs/scatter.md
  - reference/props-docs/scatter3d.md
  - reference/props-docs/scattercarpet.md
  - reference/props-docs/scattergeo.md
  - reference/props-docs/scattergl.md
  - reference/props-docs/scattermapbox.md
  - reference/props-docs/scatterpolar.md
  - reference/props-docs/scatterpolargl.md
  - reference/props-docs/scattersmith.md
  - reference/props-docs/scatterternary.md
  - reference/props-docs/splom.md
  - reference/props-docs/streamtube.md
  - reference/props-docs/sunburst.md
  - reference/props-docs/surface.md
  - reference/props-docs/treemap.md
  - reference/props-docs/violin.md
  - reference/props-docs/volume.md
  - reference/props-docs/waterfall.md
WARNING -  A reference to 'reference/configuration/Alert/index.md' is included in the 'nav' configuration, which is not found in the documentation files.
WARNING -  A reference to 'reference/configuration/Destinations/SlackDestination/index.md' is included in the 'nav' configuration, which is not found in the documentation files.
WARNING -  A reference to 'reference/configuration/Destinations/EmailDestination/index.md' is included in the 'nav' configuration, which is not found in the documentation files.
WARNING -  A reference to 'reference/configuration/Destinations/ConsoleDestination/index.md' is included in the 'nav' configuration, which is not found in the documentation files.
WARNING -  A reference to 'reference/configuration/Sources/BigQuerySource/index.md' is included in the 'nav' configuration, which is not found in the documentation files.
INFO    -  Doc file 'reference/configuration/Chart/index.md' contains an unrecognized relative link '../Trace/', it was left as is. Did you mean '../Trace/index.md'?
INFO    -  Doc file 'reference/configuration/Chart/index.md' contains an unrecognized relative link './Layout/', it was left as is. Did you mean 'Layout/index.md'?
INFO    -  Doc file 'reference/configuration/Chart/index.md' contains an unrecognized relative link '../Trace/Props/Indicator/', it was left as is. Did you mean '../Trace/Props/Indicator/index.md'?
INFO    -  Doc file 'reference/configuration/Chart/index.md' contains an unrecognized relative link '../Trace/Props/Bar/', it was left as is. Did you mean '../Trace/Props/Bar/index.md'?
INFO    -  Doc file 'reference/configuration/Chart/index.md' contains an unrecognized relative link '../Selector/', it was left as is. Did you mean '../Selector/index.md'?
INFO    -  Doc file 'reference/configuration/Dashboard/index.md' contains an unrecognized relative link './Row/', it was left as is. Did you mean 'Row/index.md'?
INFO    -  Doc file 'reference/configuration/Dashboard/index.md' contains an unrecognized relative link '../../cli/#serve', it was left as is. Did you mean '../../cli.md#serve'?
INFO    -  Doc file 'reference/configuration/Dashboard/index.md' contains an unrecognized relative link './Row/', it was left as is. Did you mean 'Row/index.md'?
INFO    -  Doc file 'reference/configuration/Dashboard/index.md' contains an unrecognized relative link './Row/Item/', it was left as is. Did you mean 'Row/Item/index.md'?
INFO    -  Doc file 'reference/configuration/Dashboard/Row/index.md' contains an unrecognized relative link './Item/', it was left as is. Did you mean 'Item/index.md'?
INFO    -  Doc file 'reference/configuration/Selector/index.md' contains an unrecognized relative link '../../../topics/interactivity', it was left as is. Did you mean '../../../topics/interactivity.md'?
INFO    -  Doc file 'reference/configuration/Sources/MysqlSource/index.md' contains an absolute link '/topics/sources/', it was left as is. Did you mean '../../../../topics/sources.md'?
INFO    -  Doc file 'reference/configuration/Sources/PostgresqlSource/index.md' contains an absolute link '/topics/sources/', it was left as is. Did you mean '../../../../topics/sources.md'?
INFO    -  Doc file 'reference/configuration/Sources/SnowflakeSource/index.md' contains an absolute link '/topics/sources/', it was left as is. Did you mean '../../../../topics/sources.md'?
INFO    -  Doc file 'reference/configuration/Sources/SqliteSource/index.md' contains an absolute link '/topics/sources/', it was left as is. Did you mean '../../../../topics/sources.md'?
INFO    -  Doc file 'reference/configuration/Trace/Props/Bar/index.md' contains an unrecognized relative link './#attributes', it was left as is. Did you mean '#attributes'?
INFO    -  Doc file 'reference/configuration/Trace/Props/Barpolar/index.md' contains an unrecognized relative link './#attributes', it was left as is. Did you mean '#attributes'?
INFO    -  Doc file 'reference/configuration/Trace/Props/Box/index.md' contains an unrecognized relative link './#attributes', it was left as is. Did you mean '#attributes'?
INFO    -  Doc file 'reference/configuration/Trace/Props/Candlestick/index.md' contains an unrecognized relative link './#attributes', it was left as is. Did you mean '#attributes'?
INFO    -  Doc file 'reference/configuration/Trace/Props/Carpet/index.md' contains an unrecognized relative link './#attributes', it was left as is. Did you mean '#attributes'?
INFO    -  Doc file 'reference/configuration/Trace/Props/Choropleth/index.md' contains an unrecognized relative link './#attributes', it was left as is. Did you mean '#attributes'?
INFO    -  Doc file 'reference/configuration/Trace/Props/Choroplethmapbox/index.md' contains an unrecognized relative link '../ChoroplethMapbox/#attributes', it was left as is.
WARNING -  Doc file 'reference/configuration/Trace/Props/Choroplethmapbox/index.md' contains a link '../../../../../assets/example-charts/props/choroplethmapbox/simple-choroplethmapbox.png', but the target 'assets/example-charts/props/choroplethmapbox/simple-choroplethmapbox.png' is not found among documentation files.
WARNING -  Doc file 'reference/configuration/Trace/Props/Choroplethmapbox/index.md' contains a link '../../../../../assets/example-charts/props/choroplethmapbox/custom-colorscale-choroplethmapbox.png', but the target 'assets/example-charts/props/choroplethmapbox/custom-colorscale-choroplethmapbox.png' is not found among documentation files.
WARNING -  Doc file 'reference/configuration/Trace/Props/Choroplethmapbox/index.md' contains a link '../../../../../assets/example-charts/props/choroplethmapbox/choroplethmapbox-hover.png', but the target 'assets/example-charts/props/choroplethmapbox/choroplethmapbox-hover.png' is not found among documentation files.
INFO    -  Doc file 'reference/configuration/Trace/Props/Cone/index.md' contains an unrecognized relative link './#attributes', it was left as is. Did you mean '#attributes'?
INFO    -  Doc file 'reference/configuration/Trace/Props/Contour/index.md' contains an unrecognized relative link './#attributes', it was left as is. Did you mean '#attributes'?
INFO    -  Doc file 'reference/configuration/Trace/Props/Contour/index.md' contains an unrecognized relative link ',', it was left as is.
INFO    -  Doc file 'reference/configuration/Trace/Props/Contourcarpet/index.md' contains an unrecognized relative link '../ContourCarpet/#attributes', it was left as is.
WARNING -  Doc file 'reference/configuration/Trace/Props/Contourcarpet/index.md' contains a link '../../../../../assets/example-charts/props/contourcarpet/simple-contourcarpet.png', but the target 'assets/example-charts/props/contourcarpet/simple-contourcarpet.png' is not found among documentation files.
WARNING -  Doc file 'reference/configuration/Trace/Props/Contourcarpet/index.md' contains a link '../../../../../assets/example-charts/props/contourcarpet/filled-contourcarpet.png', but the target 'assets/example-charts/props/contourcarpet/filled-contourcarpet.png' is not found among documentation files.
WARNING -  Doc file 'reference/configuration/Trace/Props/Contourcarpet/index.md' contains a link '../../../../../assets/example-charts/props/contourcarpet/custom-contourcarpet.png', but the target 'assets/example-charts/props/contourcarpet/custom-contourcarpet.png' is not found among documentation files.
INFO    -  Doc file 'reference/configuration/Trace/Props/Contourcarpet/index.md' contains an unrecognized relative link ',', it was left as is.
INFO    -  Doc file 'reference/configuration/Trace/Props/Densitymapbox/index.md' contains an unrecognized relative link './#attributes', it was left as is. Did you mean '#attributes'?
WARNING -  Doc file 'reference/configuration/Trace/Props/Densitymapbox/index.md' contains a link '../../../../../assets/example-charts/props/densitymapbox/simple-densitymapbox.png', but the target 'assets/example-charts/props/densitymapbox/simple-densitymapbox.png' is not found among documentation files.
WARNING -  Doc file 'reference/configuration/Trace/Props/Densitymapbox/index.md' contains a link '../../../../../assets/example-charts/props/densitymapbox/custom-radius-densitymapbox.png', but the target 'assets/example-charts/props/densitymapbox/custom-radius-densitymapbox.png' is not found among documentation files.
WARNING -  Doc file 'reference/configuration/Trace/Props/Densitymapbox/index.md' contains a link '../../../../../assets/example-charts/props/densitymapbox/custom-colorscale-densitymapbox.png', but the target 'assets/example-charts/props/densitymapbox/custom-colorscale-densitymapbox.png' is not found among documentation files.
INFO    -  Doc file 'reference/configuration/Trace/Props/Funnel/index.md' contains an unrecognized relative link './#attributes', it was left as is. Did you mean '#attributes'?
INFO    -  Doc file 'reference/configuration/Trace/Props/Funnelarea/index.md' contains an unrecognized relative link '../FunnelArea/#attributes', it was left as is.
INFO    -  Doc file 'reference/configuration/Trace/Props/Heatmap/index.md' contains an unrecognized relative link './#attributes', it was left as is. Did you mean '#attributes'?
INFO    -  Doc file 'reference/configuration/Trace/Props/Heatmapgl/index.md' contains an unrecognized relative link './#attributes', it was left as is. Did you mean '#attributes'?
WARNING -  Doc file 'reference/configuration/Trace/Props/Heatmapgl/index.md' contains a link '../../../../../assets/example-charts/props/heatmapgl/simple-heatmapgl.png', but the target 'assets/example-charts/props/heatmapgl/simple-heatmapgl.png' is not found among documentation files.
WARNING -  Doc file 'reference/configuration/Trace/Props/Heatmapgl/index.md' contains a link '../../../../../assets/example-charts/props/heatmapgl/custom-colorscale-heatmapgl.png', but the target 'assets/example-charts/props/heatmapgl/custom-colorscale-heatmapgl.png' is not found among documentation files.
WARNING -  Doc file 'reference/configuration/Trace/Props/Heatmapgl/index.md' contains a link '../../../../../assets/example-charts/props/heatmapgl/heatmapgl-large-dataset.png', but the target 'assets/example-charts/props/heatmapgl/heatmapgl-large-dataset.png' is not found among documentation files.
INFO    -  Doc file 'reference/configuration/Trace/Props/Histogram/index.md' contains an unrecognized relative link './#attributes', it was left as is. Did you mean '#attributes'?
INFO    -  Doc file 'reference/configuration/Trace/Props/Histogram2d/index.md' contains an unrecognized relative link '../Histogram2D/#attributes', it was left as is.
WARNING -  Doc file 'reference/configuration/Trace/Props/Histogram2d/index.md' contains a link '../../../../../assets/example-charts/props/histogram2d/simple-histogram2d.png', but the target 'assets/example-charts/props/histogram2d/simple-histogram2d.png' is not found among documentation files.
WARNING -  Doc file 'reference/configuration/Trace/Props/Histogram2d/index.md' contains a link '../../../../../assets/example-charts/props/histogram2d/custom-bins-histogram2d.png', but the target 'assets/example-charts/props/histogram2d/custom-bins-histogram2d.png' is not found among documentation files.
WARNING -  Doc file 'reference/configuration/Trace/Props/Histogram2d/index.md' contains a link '../../../../../assets/example-charts/props/histogram2d/density-histogram2d.png', but the target 'assets/example-charts/props/histogram2d/density-histogram2d.png' is not found among documentation files.
INFO    -  Doc file 'reference/configuration/Trace/Props/Histogram2dcontour/index.md' contains an unrecognized relative link '../Histogram2DContour/#attributes', it was left as is.
WARNING -  Doc file 'reference/configuration/Trace/Props/Histogram2dcontour/index.md' contains a link '../../../../../assets/example-charts/props/histogram2dcontour/simple-histogram2dcontour.png', but the target 'assets/example-charts/props/histogram2dcontour/simple-histogram2dcontour.png' is not found among documentation files.
WARNING -  Doc file 'reference/configuration/Trace/Props/Histogram2dcontour/index.md' contains a link '../../../../../assets/example-charts/props/histogram2dcontour/filled-contour-histogram2dcontour.png', but the target 'assets/example-charts/props/histogram2dcontour/filled-contour-histogram2dcontour.png' is not found among documentation files.
WARNING -  Doc file 'reference/configuration/Trace/Props/Histogram2dcontour/index.md' contains a link '../../../../../assets/example-charts/props/histogram2dcontour/custom-bins-histogram2dcontour.png', but the target 'assets/example-charts/props/histogram2dcontour/custom-bins-histogram2dcontour.png' is not found among documentation files.
INFO    -  Doc file 'reference/configuration/Trace/Props/Histogram2dcontour/index.md' contains an unrecognized relative link ',', it was left as is.
INFO    -  Doc file 'reference/configuration/Trace/Props/Icicle/index.md' contains an unrecognized relative link './#attributes', it was left as is. Did you mean '#attributes'?
INFO    -  Doc file 'reference/configuration/Trace/Props/Image/index.md' contains an unrecognized relative link './#attributes', it was left as is. Did you mean '#attributes'?
WARNING -  Doc file 'reference/configuration/Trace/Props/Image/index.md' contains a link '../../../../../assets/example-charts/props/image/simple-image.png', but the target 'assets/example-charts/props/image/simple-image.png' is not found among documentation files.
WARNING -  Doc file 'reference/configuration/Trace/Props/Image/index.md' contains a link '../../../../../assets/example-charts/props/image/custom-colorscale-image.png', but the target 'assets/example-charts/props/image/custom-colorscale-image.png' is not found among documentation files.
WARNING -  Doc file 'reference/configuration/Trace/Props/Image/index.md' contains a link '../../../../../assets/example-charts/props/image/annotated-image.png', but the target 'assets/example-charts/props/image/annotated-image.png' is not found among documentation files.
INFO    -  Doc file 'reference/configuration/Trace/Props/Indicator/index.md' contains an unrecognized relative link './#attributes', it was left as is. Did you mean '#attributes'?
INFO    -  Doc file 'reference/configuration/Trace/Props/Isosurface/index.md' contains an unrecognized relative link './#attributes', it was left as is. Did you mean '#attributes'?
INFO    -  Doc file 'reference/configuration/Trace/Props/Mesh3d/index.md' contains an unrecognized relative link '../Mesh3D/#attributes', it was left as is.
INFO    -  Doc file 'reference/configuration/Trace/Props/Ohlc/index.md' contains an unrecognized relative link './#attributes', it was left as is. Did you mean '#attributes'?
WARNING -  Doc file 'reference/configuration/Trace/Props/Ohlc/index.md' contains a link '../../../../../assets/example-charts/props/ohlc/simple-ohlc.png', but the target 'assets/example-charts/props/ohlc/simple-ohlc.png' is not found among documentation files.
WARNING -  Doc file 'reference/configuration/Trace/Props/Ohlc/index.md' contains a link '../../../../../assets/example-charts/props/ohlc/custom-width-ohlc.png', but the target 'assets/example-charts/props/ohlc/custom-width-ohlc.png' is not found among documentation files.
WARNING -  Doc file 'reference/configuration/Trace/Props/Ohlc/index.md' contains a link '../../../../../assets/example-charts/props/ohlc/multi-stock-ohlc.png', but the target 'assets/example-charts/props/ohlc/multi-stock-ohlc.png' is not found among documentation files.
INFO    -  Doc file 'reference/configuration/Trace/Props/Parcats/index.md' contains an unrecognized relative link './#attributes', it was left as is. Did you mean '#attributes'?
WARNING -  Doc file 'reference/configuration/Trace/Props/Parcats/index.md' contains a link '../../../../../assets/example-charts/props/parcats/simple-parcats.png', but the target 'assets/example-charts/props/parcats/simple-parcats.png' is not found among documentation files.
WARNING -  Doc file 'reference/configuration/Trace/Props/Parcats/index.md' contains a link '../../../../../assets/example-charts/props/parcats/multiple-dimensions-parcats.png', but the target 'assets/example-charts/props/parcats/multiple-dimensions-parcats.png' is not found among documentation files.
WARNING -  Doc file 'reference/configuration/Trace/Props/Parcats/index.md' contains a link '../../../../../assets/example-charts/props/parcats/line-width-parcats.png', but the target 'assets/example-charts/props/parcats/line-width-parcats.png' is not found among documentation files.
INFO    -  Doc file 'reference/configuration/Trace/Props/Parcoords/index.md' contains an unrecognized relative link './#attributes', it was left as is. Did you mean '#attributes'?
WARNING -  Doc file 'reference/configuration/Trace/Props/Parcoords/index.md' contains a link '../../../../../assets/example-charts/props/parcoords/simple-parcoords.png', but the target 'assets/example-charts/props/parcoords/simple-parcoords.png' is not found among documentation files.
WARNING -  Doc file 'reference/configuration/Trace/Props/Parcoords/index.md' contains a link '../../../../../assets/example-charts/props/parcoords/custom-ranges-parcoords.png', but the target 'assets/example-charts/props/parcoords/custom-ranges-parcoords.png' is not found among documentation files.
WARNING -  Doc file 'reference/configuration/Trace/Props/Parcoords/index.md' contains a link '../../../../../assets/example-charts/props/parcoords/custom-colorscale-parcoords.png', but the target 'assets/example-charts/props/parcoords/custom-colorscale-parcoords.png' is not found among documentation files.
INFO    -  Doc file 'reference/configuration/Trace/Props/Pie/index.md' contains an unrecognized relative link './#attributes', it was left as is. Did you mean '#attributes'?
WARNING -  Doc file 'reference/configuration/Trace/Props/Pie/index.md' contains a link '../../../../../assets/example-charts/props/pie/simple-pie.png', but the target 'assets/example-charts/props/pie/simple-pie.png' is not found among documentation files.
WARNING -  Doc file 'reference/configuration/Trace/Props/Pie/index.md' contains a link '../../../../../assets/example-charts/props/pie/custom-colors-pie.png', but the target 'assets/example-charts/props/pie/custom-colors-pie.png' is not found among documentation files.
WARNING -  Doc file 'reference/configuration/Trace/Props/Pie/index.md' contains a link '../../../../../assets/example-charts/props/pie/pie-hover-info.png', but the target 'assets/example-charts/props/pie/pie-hover-info.png' is not found among documentation files.
INFO    -  Doc file 'reference/configuration/Trace/Props/Sankey/index.md' contains an unrecognized relative link './#attributes', it was left as is. Did you mean '#attributes'?
WARNING -  Doc file 'reference/configuration/Trace/Props/Sankey/index.md' contains a link '../../../../../assets/example-charts/props/sankey/simple-sankey.png', but the target 'assets/example-charts/props/sankey/simple-sankey.png' is not found among documentation files.
WARNING -  Doc file 'reference/configuration/Trace/Props/Sankey/index.md' contains a link '../../../../../assets/example-charts/props/sankey/custom-colors-sankey.png', but the target 'assets/example-charts/props/sankey/custom-colors-sankey.png' is not found among documentation files.
WARNING -  Doc file 'reference/configuration/Trace/Props/Sankey/index.md' contains a link '../../../../../assets/example-charts/props/sankey/sankey-hover-info.png', but the target 'assets/example-charts/props/sankey/sankey-hover-info.png' is not found among documentation files.
INFO    -  Doc file 'reference/configuration/Trace/Props/Scatter/index.md' contains an unrecognized relative link './#attributes', it was left as is. Did you mean '#attributes'?
INFO    -  Doc file 'reference/configuration/Trace/Props/Scatter3d/index.md' contains an unrecognized relative link '../Scatter3D/#attributes', it was left as is.
WARNING -  Doc file 'reference/configuration/Trace/Props/Scatter3d/index.md' contains a link '../../../../../assets/example-charts/props/scatter3d/simple-scatter3d.png', but the target 'assets/example-charts/props/scatter3d/simple-scatter3d.png' is not found among documentation files.
WARNING -  Doc file 'reference/configuration/Trace/Props/Scatter3d/index.md' contains a link '../../../../../assets/example-charts/props/scatter3d/lines-scatter3d.png', but the target 'assets/example-charts/props/scatter3d/lines-scatter3d.png' is not found among documentation files.
WARNING -  Doc file 'reference/configuration/Trace/Props/Scatter3d/index.md' contains a link '../../../../../assets/example-charts/props/scatter3d/custom-markers-scatter3d.png', but the target 'assets/example-charts/props/scatter3d/custom-markers-scatter3d.png' is not found among documentation files.
INFO    -  Doc file 'reference/configuration/Trace/Props/Scattercarpet/index.md' contains an unrecognized relative link './#attributes', it was left as is. Did you mean '#attributes'?
WARNING -  Doc file 'reference/configuration/Trace/Props/Scattercarpet/index.md' contains a link '../../../../../assets/example-charts/props/scattercarpet/simple-scattercarpet.png', but the target 'assets/example-charts/props/scattercarpet/simple-scattercarpet.png' is not found among documentation files.
WARNING -  Doc file 'reference/configuration/Trace/Props/Scattercarpet/index.md' contains a link '../../../../../assets/example-charts/props/scattercarpet/lines-scattercarpet.png', but the target 'assets/example-charts/props/scattercarpet/lines-scattercarpet.png' is not found among documentation files.
WARNING -  Doc file 'reference/configuration/Trace/Props/Scattercarpet/index.md' contains a link '../../../../../assets/example-charts/props/scattercarpet/custom-markers-scattercarpet.png', but the target 'assets/example-charts/props/scattercarpet/custom-markers-scattercarpet.png' is not found among documentation files.
INFO    -  Doc file 'reference/configuration/Trace/Props/Scattergeo/index.md' contains an unrecognized relative link './#attributes', it was left as is. Did you mean '#attributes'?
WARNING -  Doc file 'reference/configuration/Trace/Props/Scattergeo/index.md' contains a link '../../../../../assets/example-charts/props/scattergeo/simple-scattergeo.png', but the target 'assets/example-charts/props/scattergeo/simple-scattergeo.png' is not found among documentation files.
WARNING -  Doc file 'reference/configuration/Trace/Props/Scattergeo/index.md' contains a link '../../../../../assets/example-charts/props/scattergeo/lines-scattergeo.png', but the target 'assets/example-charts/props/scattergeo/lines-scattergeo.png' is not found among documentation files.
WARNING -  Doc file 'reference/configuration/Trace/Props/Scattergeo/index.md' contains a link '../../../../../assets/example-charts/props/scattergeo/custom-markers-scattergeo.png', but the target 'assets/example-charts/props/scattergeo/custom-markers-scattergeo.png' is not found among documentation files.
INFO    -  Doc file 'reference/configuration/Trace/Props/Scattergl/index.md' contains an unrecognized relative link './#attributes', it was left as is. Did you mean '#attributes'?
WARNING -  Doc file 'reference/configuration/Trace/Props/Scattergl/index.md' contains a link '../../../../../assets/example-charts/props/scattergl/simple-scattergl.png', but the target 'assets/example-charts/props/scattergl/simple-scattergl.png' is not found among documentation files.
WARNING -  Doc file 'reference/configuration/Trace/Props/Scattergl/index.md' contains a link '../../../../../assets/example-charts/props/scattergl/lines-scattergl.png', but the target 'assets/example-charts/props/scattergl/lines-scattergl.png' is not found among documentation files.
WARNING -  Doc file 'reference/configuration/Trace/Props/Scattergl/index.md' contains a link '../../../../../assets/example-charts/props/scattergl/custom-markers-scattergl.png', but the target 'assets/example-charts/props/scattergl/custom-markers-scattergl.png' is not found among documentation files.
INFO    -  Doc file 'reference/configuration/Trace/Props/Scattermapbox/index.md' contains an unrecognized relative link './#attributes', it was left as is. Did you mean '#attributes'?
WARNING -  Doc file 'reference/configuration/Trace/Props/Scattermapbox/index.md' contains a link '../../../../../assets/example-charts/props/scattermapbox/simple-scattermapbox.png', but the target 'assets/example-charts/props/scattermapbox/simple-scattermapbox.png' is not found among documentation files.
WARNING -  Doc file 'reference/configuration/Trace/Props/Scattermapbox/index.md' contains a link '../../../../../assets/example-charts/props/scattermapbox/lines-scattermapbox.png', but the target 'assets/example-charts/props/scattermapbox/lines-scattermapbox.png' is not found among documentation files.
WARNING -  Doc file 'reference/configuration/Trace/Props/Scattermapbox/index.md' contains a link '../../../../../assets/example-charts/props/scattermapbox/custom-markers-scattermapbox.png', but the target 'assets/example-charts/props/scattermapbox/custom-markers-scattermapbox.png' is not found among documentation files.
INFO    -  Doc file 'reference/configuration/Trace/Props/Scatterpolar/index.md' contains an unrecognized relative link './#attributes', it was left as is. Did you mean '#attributes'?
WARNING -  Doc file 'reference/configuration/Trace/Props/Scatterpolar/index.md' contains a link '../../../../../assets/example-charts/props/scatterpolar/simple-scatterpolar.png', but the target 'assets/example-charts/props/scatterpolar/simple-scatterpolar.png' is not found among documentation files.
WARNING -  Doc file 'reference/configuration/Trace/Props/Scatterpolar/index.md' contains a link '../../../../../assets/example-charts/props/scatterpolar/lines-scatterpolar.png', but the target 'assets/example-charts/props/scatterpolar/lines-scatterpolar.png' is not found among documentation files.
WARNING -  Doc file 'reference/configuration/Trace/Props/Scatterpolar/index.md' contains a link '../../../../../assets/example-charts/props/scatterpolar/custom-markers-scatterpolar.png', but the target 'assets/example-charts/props/scatterpolar/custom-markers-scatterpolar.png' is not found among documentation files.
INFO    -  Doc file 'reference/configuration/Trace/Props/Scatterpolargl/index.md' contains an unrecognized relative link './#attributes', it was left as is. Did you mean '#attributes'?
WARNING -  Doc file 'reference/configuration/Trace/Props/Scatterpolargl/index.md' contains a link '../../../../../assets/example-charts/props/scatterpolargl/simple-scatterpolargl.png', but the target 'assets/example-charts/props/scatterpolargl/simple-scatterpolargl.png' is not found among documentation files.
WARNING -  Doc file 'reference/configuration/Trace/Props/Scatterpolargl/index.md' contains a link '../../../../../assets/example-charts/props/scatterpolargl/lines-scatterpolargl.png', but the target 'assets/example-charts/props/scatterpolargl/lines-scatterpolargl.png' is not found among documentation files.
WARNING -  Doc file 'reference/configuration/Trace/Props/Scatterpolargl/index.md' contains a link '../../../../../assets/example-charts/props/scatterpolargl/custom-markers-scatterpolargl.png', but the target 'assets/example-charts/props/scatterpolargl/custom-markers-scatterpolargl.png' is not found among documentation files.
INFO    -  Doc file 'reference/configuration/Trace/Props/Scattersmith/index.md' contains an unrecognized relative link './#attributes', it was left as is. Did you mean '#attributes'?
WARNING -  Doc file 'reference/configuration/Trace/Props/Scattersmith/index.md' contains a link '../../../../../assets/example-charts/props/scattersmith/simple-scattersmith.png', but the target 'assets/example-charts/props/scattersmith/simple-scattersmith.png' is not found among documentation files.
WARNING -  Doc file 'reference/configuration/Trace/Props/Scattersmith/index.md' contains a link '../../../../../assets/example-charts/props/scattersmith/lines-scattersmith.png', but the target 'assets/example-charts/props/scattersmith/lines-scattersmith.png' is not found among documentation files.
WARNING -  Doc file 'reference/configuration/Trace/Props/Scattersmith/index.md' contains a link '../../../../../assets/example-charts/props/scattersmith/custom-markers-scattersmith.png', but the target 'assets/example-charts/props/scattersmith/custom-markers-scattersmith.png' is not found among documentation files.
INFO    -  Doc file 'reference/configuration/Trace/Props/Scatterternary/index.md' contains an unrecognized relative link './#attributes', it was left as is. Did you mean '#attributes'?
WARNING -  Doc file 'reference/configuration/Trace/Props/Scatterternary/index.md' contains a link '../../../../../assets/example-charts/props/scatterternary/simple-scatterternary.png', but the target 'assets/example-charts/props/scatterternary/simple-scatterternary.png' is not found among documentation files.
WARNING -  Doc file 'reference/configuration/Trace/Props/Scatterternary/index.md' contains a link '../../../../../assets/example-charts/props/scatterternary/lines-scatterternary.png', but the target 'assets/example-charts/props/scatterternary/lines-scatterternary.png' is not found among documentation files.
WARNING -  Doc file 'reference/configuration/Trace/Props/Scatterternary/index.md' contains a link '../../../../../assets/example-charts/props/scatterternary/custom-markers-scatterternary.png', but the target 'assets/example-charts/props/scatterternary/custom-markers-scatterternary.png' is not found among documentation files.
INFO    -  Doc file 'reference/configuration/Trace/Props/Splom/index.md' contains an unrecognized relative link './#attributes', it was left as is. Did you mean '#attributes'?
INFO    -  Doc file 'reference/configuration/Trace/Props/Streamtube/index.md' contains an unrecognized relative link './#attributes', it was left as is. Did you mean '#attributes'?
WARNING -  Doc file 'reference/configuration/Trace/Props/Streamtube/index.md' contains a link '../../../../../assets/example-charts/props/streamtube/simple-streamtube.png', but the target 'assets/example-charts/props/streamtube/simple-streamtube.png' is not found among documentation files.
WARNING -  Doc file 'reference/configuration/Trace/Props/Streamtube/index.md' contains a link '../../../../../assets/example-charts/props/streamtube/colored-streamtube.png', but the target 'assets/example-charts/props/streamtube/colored-streamtube.png' is not found among documentation files.
WARNING -  Doc file 'reference/configuration/Trace/Props/Streamtube/index.md' contains a link '../../../../../assets/example-charts/props/streamtube/custom-tube-size-streamtube.png', but the target 'assets/example-charts/props/streamtube/custom-tube-size-streamtube.png' is not found among documentation files.
INFO    -  Doc file 'reference/configuration/Trace/Props/Sunburst/index.md' contains an unrecognized relative link './#attributes', it was left as is. Did you mean '#attributes'?
INFO    -  Doc file 'reference/configuration/Trace/Props/Surface/index.md' contains an unrecognized relative link './#attributes', it was left as is. Did you mean '#attributes'?
WARNING -  Doc file 'reference/configuration/Trace/Props/Surface/index.md' contains a link '../../../../../assets/example-charts/props/surface/simple-surface.png', but the target 'assets/example-charts/props/surface/simple-surface.png' is not found among documentation files.
WARNING -  Doc file 'reference/configuration/Trace/Props/Surface/index.md' contains a link '../../../../../assets/example-charts/props/surface/custom-colorscale-surface.png', but the target 'assets/example-charts/props/surface/custom-colorscale-surface.png' is not found among documentation files.
WARNING -  Doc file 'reference/configuration/Trace/Props/Surface/index.md' contains a link '../../../../../assets/example-charts/props/surface/surface-with-contours.png', but the target 'assets/example-charts/props/surface/surface-with-contours.png' is not found among documentation files.
INFO    -  Doc file 'reference/configuration/Trace/Props/Treemap/index.md' contains an unrecognized relative link './#attributes', it was left as is. Did you mean '#attributes'?
INFO    -  Doc file 'reference/configuration/Trace/Props/Violin/index.md' contains an unrecognized relative link './#attributes', it was left as is. Did you mean '#attributes'?
INFO    -  Doc file 'reference/configuration/Trace/Props/Volume/index.md' contains an unrecognized relative link './#attributes', it was left as is. Did you mean '#attributes'?
INFO    -  Doc file 'reference/configuration/Trace/Props/Waterfall/index.md' contains an unrecognized relative link './#attributes', it was left as is. Did you mean '#attributes'?
INFO    -  Doc file 'reference/props-docs/bar.md' contains an unrecognized relative link '../configuration/Trace/Props/Bar/#attributes', it was left as is. Did you mean '../configuration/Trace/Props/Bar/index.md#attributes'?
INFO    -  Doc file 'reference/props-docs/barpolar.md' contains an unrecognized relative link '../configuration/Trace/Props/Barpolar/#attributes', it was left as is. Did you mean '../configuration/Trace/Props/Barpolar/index.md#attributes'?
INFO    -  Doc file 'reference/props-docs/box.md' contains an unrecognized relative link '../configuration/Trace/Props/Box/#attributes', it was left as is. Did you mean '../configuration/Trace/Props/Box/index.md#attributes'?
INFO    -  Doc file 'reference/props-docs/candlestick.md' contains an unrecognized relative link '../configuration/Trace/Props/Candlestick/#attributes', it was left as is. Did you mean '../configuration/Trace/Props/Candlestick/index.md#attributes'?
INFO    -  Doc file 'reference/props-docs/carpet.md' contains an unrecognized relative link '../configuration/Trace/Props/Carpet/#attributes', it was left as is. Did you mean '../configuration/Trace/Props/Carpet/index.md#attributes'?
INFO    -  Doc file 'reference/props-docs/choropleth.md' contains an unrecognized relative link '../configuration/Trace/Props/Choropleth/#attributes', it was left as is. Did you mean '../configuration/Trace/Props/Choropleth/index.md#attributes'?
INFO    -  Doc file 'reference/props-docs/choroplethmapbox.md' contains an unrecognized relative link '../configuration/Trace/Props/ChoroplethMapbox/#attributes', it was left as is.
WARNING -  Doc file 'reference/props-docs/choroplethmapbox.md' contains a link '../../assets/example-charts/props/choroplethmapbox/simple-choroplethmapbox.png', but the target 'assets/example-charts/props/choroplethmapbox/simple-choroplethmapbox.png' is not found among documentation files.
WARNING -  Doc file 'reference/props-docs/choroplethmapbox.md' contains a link '../../assets/example-charts/props/choroplethmapbox/custom-colorscale-choroplethmapbox.png', but the target 'assets/example-charts/props/choroplethmapbox/custom-colorscale-choroplethmapbox.png' is not found among documentation files.
WARNING -  Doc file 'reference/props-docs/choroplethmapbox.md' contains a link '../../assets/example-charts/props/choroplethmapbox/choroplethmapbox-hover.png', but the target 'assets/example-charts/props/choroplethmapbox/choroplethmapbox-hover.png' is not found among documentation files.
INFO    -  Doc file 'reference/props-docs/cone.md' contains an unrecognized relative link '../configuration/Trace/Props/Cone/#attributes', it was left as is. Did you mean '../configuration/Trace/Props/Cone/index.md#attributes'?
INFO    -  Doc file 'reference/props-docs/contour.md' contains an unrecognized relative link '../configuration/Trace/Props/Contour/#attributes', it was left as is. Did you mean '../configuration/Trace/Props/Contour/index.md#attributes'?
INFO    -  Doc file 'reference/props-docs/contourcarpet.md' contains an unrecognized relative link '../configuration/Trace/Props/ContourCarpet/#attributes', it was left as is.
WARNING -  Doc file 'reference/props-docs/contourcarpet.md' contains a link '../../assets/example-charts/props/contourcarpet/simple-contourcarpet.png', but the target 'assets/example-charts/props/contourcarpet/simple-contourcarpet.png' is not found among documentation files.
WARNING -  Doc file 'reference/props-docs/contourcarpet.md' contains a link '../../assets/example-charts/props/contourcarpet/filled-contourcarpet.png', but the target 'assets/example-charts/props/contourcarpet/filled-contourcarpet.png' is not found among documentation files.
WARNING -  Doc file 'reference/props-docs/contourcarpet.md' contains a link '../../assets/example-charts/props/contourcarpet/custom-contourcarpet.png', but the target 'assets/example-charts/props/contourcarpet/custom-contourcarpet.png' is not found among documentation files.
INFO    -  Doc file 'reference/props-docs/densitymapbox.md' contains an unrecognized relative link '../configuration/Trace/Props/Densitymapbox/#attributes', it was left as is. Did you mean '../configuration/Trace/Props/Densitymapbox/index.md#attributes'?
WARNING -  Doc file 'reference/props-docs/densitymapbox.md' contains a link '../../assets/example-charts/props/densitymapbox/simple-densitymapbox.png', but the target 'assets/example-charts/props/densitymapbox/simple-densitymapbox.png' is not found among documentation files.
WARNING -  Doc file 'reference/props-docs/densitymapbox.md' contains a link '../../assets/example-charts/props/densitymapbox/custom-radius-densitymapbox.png', but the target 'assets/example-charts/props/densitymapbox/custom-radius-densitymapbox.png' is not found among documentation files.
WARNING -  Doc file 'reference/props-docs/densitymapbox.md' contains a link '../../assets/example-charts/props/densitymapbox/custom-colorscale-densitymapbox.png', but the target 'assets/example-charts/props/densitymapbox/custom-colorscale-densitymapbox.png' is not found among documentation files.
INFO    -  Doc file 'reference/props-docs/funnel.md' contains an unrecognized relative link '../configuration/Trace/Props/Funnel/#attributes', it was left as is. Did you mean '../configuration/Trace/Props/Funnel/index.md#attributes'?
INFO    -  Doc file 'reference/props-docs/funnelarea.md' contains an unrecognized relative link '../configuration/Trace/Props/FunnelArea/#attributes', it was left as is.
INFO    -  Doc file 'reference/props-docs/heatmap.md' contains an unrecognized relative link '../configuration/Trace/Props/Heatmap/#attributes', it was left as is. Did you mean '../configuration/Trace/Props/Heatmap/index.md#attributes'?
INFO    -  Doc file 'reference/props-docs/heatmapgl.md' contains an unrecognized relative link '../configuration/Trace/Props/Heatmapgl/#attributes', it was left as is. Did you mean '../configuration/Trace/Props/Heatmapgl/index.md#attributes'?
WARNING -  Doc file 'reference/props-docs/heatmapgl.md' contains a link '../../assets/example-charts/props/heatmapgl/simple-heatmapgl.png', but the target 'assets/example-charts/props/heatmapgl/simple-heatmapgl.png' is not found among documentation files.
WARNING -  Doc file 'reference/props-docs/heatmapgl.md' contains a link '../../assets/example-charts/props/heatmapgl/custom-colorscale-heatmapgl.png', but the target 'assets/example-charts/props/heatmapgl/custom-colorscale-heatmapgl.png' is not found among documentation files.
WARNING -  Doc file 'reference/props-docs/heatmapgl.md' contains a link '../../assets/example-charts/props/heatmapgl/heatmapgl-large-dataset.png', but the target 'assets/example-charts/props/heatmapgl/heatmapgl-large-dataset.png' is not found among documentation files.
INFO    -  Doc file 'reference/props-docs/histogram.md' contains an unrecognized relative link '../configuration/Trace/Props/Histogram/#attributes', it was left as is. Did you mean '../configuration/Trace/Props/Histogram/index.md#attributes'?
INFO    -  Doc file 'reference/props-docs/histogram2d.md' contains an unrecognized relative link '../configuration/Trace/Props/Histogram2D/#attributes', it was left as is.
WARNING -  Doc file 'reference/props-docs/histogram2d.md' contains a link '../../assets/example-charts/props/histogram2d/simple-histogram2d.png', but the target 'assets/example-charts/props/histogram2d/simple-histogram2d.png' is not found among documentation files.
WARNING -  Doc file 'reference/props-docs/histogram2d.md' contains a link '../../assets/example-charts/props/histogram2d/custom-bins-histogram2d.png', but the target 'assets/example-charts/props/histogram2d/custom-bins-histogram2d.png' is not found among documentation files.
WARNING -  Doc file 'reference/props-docs/histogram2d.md' contains a link '../../assets/example-charts/props/histogram2d/density-histogram2d.png', but the target 'assets/example-charts/props/histogram2d/density-histogram2d.png' is not found among documentation files.
INFO    -  Doc file 'reference/props-docs/histogram2dcontour.md' contains an unrecognized relative link '../configuration/Trace/Props/Histogram2DContour/#attributes', it was left as is.
WARNING -  Doc file 'reference/props-docs/histogram2dcontour.md' contains a link '../../assets/example-charts/props/histogram2dcontour/simple-histogram2dcontour.png', but the target 'assets/example-charts/props/histogram2dcontour/simple-histogram2dcontour.png' is not found among documentation files.
WARNING -  Doc file 'reference/props-docs/histogram2dcontour.md' contains a link '../../assets/example-charts/props/histogram2dcontour/filled-contour-histogram2dcontour.png', but the target 'assets/example-charts/props/histogram2dcontour/filled-contour-histogram2dcontour.png' is not found among documentation files.
WARNING -  Doc file 'reference/props-docs/histogram2dcontour.md' contains a link '../../assets/example-charts/props/histogram2dcontour/custom-bins-histogram2dcontour.png', but the target 'assets/example-charts/props/histogram2dcontour/custom-bins-histogram2dcontour.png' is not found among documentation files.
INFO    -  Doc file 'reference/props-docs/icicle.md' contains an unrecognized relative link '../configuration/Trace/Props/Icicle/#attributes', it was left as is. Did you mean '../configuration/Trace/Props/Icicle/index.md#attributes'?
INFO    -  Doc file 'reference/props-docs/image.md' contains an unrecognized relative link '../configuration/Trace/Props/Image/#attributes', it was left as is. Did you mean '../configuration/Trace/Props/Image/index.md#attributes'?
WARNING -  Doc file 'reference/props-docs/image.md' contains a link '../../assets/example-charts/props/image/simple-image.png', but the target 'assets/example-charts/props/image/simple-image.png' is not found among documentation files.
WARNING -  Doc file 'reference/props-docs/image.md' contains a link '../../assets/example-charts/props/image/custom-colorscale-image.png', but the target 'assets/example-charts/props/image/custom-colorscale-image.png' is not found among documentation files.
WARNING -  Doc file 'reference/props-docs/image.md' contains a link '../../assets/example-charts/props/image/annotated-image.png', but the target 'assets/example-charts/props/image/annotated-image.png' is not found among documentation files.
INFO    -  Doc file 'reference/props-docs/indicator.md' contains an unrecognized relative link '../configuration/Trace/Props/Indicator/#attributes', it was left as is. Did you mean '../configuration/Trace/Props/Indicator/index.md#attributes'?
INFO    -  Doc file 'reference/props-docs/isosurface.md' contains an unrecognized relative link '../configuration/Trace/Props/Isosurface/#attributes', it was left as is. Did you mean '../configuration/Trace/Props/Isosurface/index.md#attributes'?
INFO    -  Doc file 'reference/props-docs/mesh3d.md' contains an unrecognized relative link '../configuration/Trace/Props/Mesh3D/#attributes', it was left as is.
INFO    -  Doc file 'reference/props-docs/ohlc.md' contains an unrecognized relative link '../configuration/Trace/Props/Ohlc/#attributes', it was left as is. Did you mean '../configuration/Trace/Props/Ohlc/index.md#attributes'?
WARNING -  Doc file 'reference/props-docs/ohlc.md' contains a link '../../assets/example-charts/props/ohlc/simple-ohlc.png', but the target 'assets/example-charts/props/ohlc/simple-ohlc.png' is not found among documentation files.
WARNING -  Doc file 'reference/props-docs/ohlc.md' contains a link '../../assets/example-charts/props/ohlc/custom-width-ohlc.png', but the target 'assets/example-charts/props/ohlc/custom-width-ohlc.png' is not found among documentation files.
WARNING -  Doc file 'reference/props-docs/ohlc.md' contains a link '../../assets/example-charts/props/ohlc/multi-stock-ohlc.png', but the target 'assets/example-charts/props/ohlc/multi-stock-ohlc.png' is not found among documentation files.
INFO    -  Doc file 'reference/props-docs/parcats.md' contains an unrecognized relative link '../configuration/Trace/Props/Parcats/#attributes', it was left as is. Did you mean '../configuration/Trace/Props/Parcats/index.md#attributes'?
WARNING -  Doc file 'reference/props-docs/parcats.md' contains a link '../../assets/example-charts/props/parcats/simple-parcats.png', but the target 'assets/example-charts/props/parcats/simple-parcats.png' is not found among documentation files.
WARNING -  Doc file 'reference/props-docs/parcats.md' contains a link '../../assets/example-charts/props/parcats/multiple-dimensions-parcats.png', but the target 'assets/example-charts/props/parcats/multiple-dimensions-parcats.png' is not found among documentation files.
WARNING -  Doc file 'reference/props-docs/parcats.md' contains a link '../../assets/example-charts/props/parcats/line-width-parcats.png', but the target 'assets/example-charts/props/parcats/line-width-parcats.png' is not found among documentation files.
INFO    -  Doc file 'reference/props-docs/parcoords.md' contains an unrecognized relative link '../configuration/Trace/Props/Parcoords/#attributes', it was left as is. Did you mean '../configuration/Trace/Props/Parcoords/index.md#attributes'?
WARNING -  Doc file 'reference/props-docs/parcoords.md' contains a link '../../assets/example-charts/props/parcoords/simple-parcoords.png', but the target 'assets/example-charts/props/parcoords/simple-parcoords.png' is not found among documentation files.
WARNING -  Doc file 'reference/props-docs/parcoords.md' contains a link '../../assets/example-charts/props/parcoords/custom-ranges-parcoords.png', but the target 'assets/example-charts/props/parcoords/custom-ranges-parcoords.png' is not found among documentation files.
WARNING -  Doc file 'reference/props-docs/parcoords.md' contains a link '../../assets/example-charts/props/parcoords/custom-colorscale-parcoords.png', but the target 'assets/example-charts/props/parcoords/custom-colorscale-parcoords.png' is not found among documentation files.
INFO    -  Doc file 'reference/props-docs/pie.md' contains an unrecognized relative link '../configuration/Trace/Props/Pie/#attributes', it was left as is. Did you mean '../configuration/Trace/Props/Pie/index.md#attributes'?
WARNING -  Doc file 'reference/props-docs/pie.md' contains a link '../../assets/example-charts/props/pie/simple-pie.png', but the target 'assets/example-charts/props/pie/simple-pie.png' is not found among documentation files.
WARNING -  Doc file 'reference/props-docs/pie.md' contains a link '../../assets/example-charts/props/pie/custom-colors-pie.png', but the target 'assets/example-charts/props/pie/custom-colors-pie.png' is not found among documentation files.
WARNING -  Doc file 'reference/props-docs/pie.md' contains a link '../../assets/example-charts/props/pie/pie-hover-info.png', but the target 'assets/example-charts/props/pie/pie-hover-info.png' is not found among documentation files.
INFO    -  Doc file 'reference/props-docs/sankey.md' contains an unrecognized relative link '../configuration/Trace/Props/Sankey/#attributes', it was left as is. Did you mean '../configuration/Trace/Props/Sankey/index.md#attributes'?
WARNING -  Doc file 'reference/props-docs/sankey.md' contains a link '../../assets/example-charts/props/sankey/simple-sankey.png', but the target 'assets/example-charts/props/sankey/simple-sankey.png' is not found among documentation files.
WARNING -  Doc file 'reference/props-docs/sankey.md' contains a link '../../assets/example-charts/props/sankey/custom-colors-sankey.png', but the target 'assets/example-charts/props/sankey/custom-colors-sankey.png' is not found among documentation files.
WARNING -  Doc file 'reference/props-docs/sankey.md' contains a link '../../assets/example-charts/props/sankey/sankey-hover-info.png', but the target 'assets/example-charts/props/sankey/sankey-hover-info.png' is not found among documentation files.
INFO    -  Doc file 'reference/props-docs/scatter.md' contains an unrecognized relative link '../configuration/Trace/Props/Scatter/#attributes', it was left as is. Did you mean '../configuration/Trace/Props/Scatter/index.md#attributes'?
INFO    -  Doc file 'reference/props-docs/scatter3d.md' contains an unrecognized relative link '../configuration/Trace/Props/Scatter3D/#attributes', it was left as is.
WARNING -  Doc file 'reference/props-docs/scatter3d.md' contains a link '../../assets/example-charts/props/scatter3d/simple-scatter3d.png', but the target 'assets/example-charts/props/scatter3d/simple-scatter3d.png' is not found among documentation files.
WARNING -  Doc file 'reference/props-docs/scatter3d.md' contains a link '../../assets/example-charts/props/scatter3d/lines-scatter3d.png', but the target 'assets/example-charts/props/scatter3d/lines-scatter3d.png' is not found among documentation files.
WARNING -  Doc file 'reference/props-docs/scatter3d.md' contains a link '../../assets/example-charts/props/scatter3d/custom-markers-scatter3d.png', but the target 'assets/example-charts/props/scatter3d/custom-markers-scatter3d.png' is not found among documentation files.
INFO    -  Doc file 'reference/props-docs/scattercarpet.md' contains an unrecognized relative link '../configuration/Trace/Props/Scattercarpet/#attributes', it was left as is. Did you mean '../configuration/Trace/Props/Scattercarpet/index.md#attributes'?
WARNING -  Doc file 'reference/props-docs/scattercarpet.md' contains a link '../../assets/example-charts/props/scattercarpet/simple-scattercarpet.png', but the target 'assets/example-charts/props/scattercarpet/simple-scattercarpet.png' is not found among documentation files.
WARNING -  Doc file 'reference/props-docs/scattercarpet.md' contains a link '../../assets/example-charts/props/scattercarpet/lines-scattercarpet.png', but the target 'assets/example-charts/props/scattercarpet/lines-scattercarpet.png' is not found among documentation files.
WARNING -  Doc file 'reference/props-docs/scattercarpet.md' contains a link '../../assets/example-charts/props/scattercarpet/custom-markers-scattercarpet.png', but the target 'assets/example-charts/props/scattercarpet/custom-markers-scattercarpet.png' is not found among documentation files.
INFO    -  Doc file 'reference/props-docs/scattergeo.md' contains an unrecognized relative link '../configuration/Trace/Props/Scattergeo/#attributes', it was left as is. Did you mean '../configuration/Trace/Props/Scattergeo/index.md#attributes'?
WARNING -  Doc file 'reference/props-docs/scattergeo.md' contains a link '../../assets/example-charts/props/scattergeo/simple-scattergeo.png', but the target 'assets/example-charts/props/scattergeo/simple-scattergeo.png' is not found among documentation files.
WARNING -  Doc file 'reference/props-docs/scattergeo.md' contains a link '../../assets/example-charts/props/scattergeo/lines-scattergeo.png', but the target 'assets/example-charts/props/scattergeo/lines-scattergeo.png' is not found among documentation files.
WARNING -  Doc file 'reference/props-docs/scattergeo.md' contains a link '../../assets/example-charts/props/scattergeo/custom-markers-scattergeo.png', but the target 'assets/example-charts/props/scattergeo/custom-markers-scattergeo.png' is not found among documentation files.
INFO    -  Doc file 'reference/props-docs/scattergl.md' contains an unrecognized relative link '../configuration/Trace/Props/Scattergl/#attributes', it was left as is. Did you mean '../configuration/Trace/Props/Scattergl/index.md#attributes'?
WARNING -  Doc file 'reference/props-docs/scattergl.md' contains a link '../../assets/example-charts/props/scattergl/simple-scattergl.png', but the target 'assets/example-charts/props/scattergl/simple-scattergl.png' is not found among documentation files.
WARNING -  Doc file 'reference/props-docs/scattergl.md' contains a link '../../assets/example-charts/props/scattergl/lines-scattergl.png', but the target 'assets/example-charts/props/scattergl/lines-scattergl.png' is not found among documentation files.
WARNING -  Doc file 'reference/props-docs/scattergl.md' contains a link '../../assets/example-charts/props/scattergl/custom-markers-scattergl.png', but the target 'assets/example-charts/props/scattergl/custom-markers-scattergl.png' is not found among documentation files.
INFO    -  Doc file 'reference/props-docs/scattermapbox.md' contains an unrecognized relative link '../configuration/Trace/Props/Scattermapbox/#attributes', it was left as is. Did you mean '../configuration/Trace/Props/Scattermapbox/index.md#attributes'?
WARNING -  Doc file 'reference/props-docs/scattermapbox.md' contains a link '../../assets/example-charts/props/scattermapbox/simple-scattermapbox.png', but the target 'assets/example-charts/props/scattermapbox/simple-scattermapbox.png' is not found among documentation files.
WARNING -  Doc file 'reference/props-docs/scattermapbox.md' contains a link '../../assets/example-charts/props/scattermapbox/lines-scattermapbox.png', but the target 'assets/example-charts/props/scattermapbox/lines-scattermapbox.png' is not found among documentation files.
WARNING -  Doc file 'reference/props-docs/scattermapbox.md' contains a link '../../assets/example-charts/props/scattermapbox/custom-markers-scattermapbox.png', but the target 'assets/example-charts/props/scattermapbox/custom-markers-scattermapbox.png' is not found among documentation files.
INFO    -  Doc file 'reference/props-docs/scatterpolar.md' contains an unrecognized relative link '../configuration/Trace/Props/Scatterpolar/#attributes', it was left as is. Did you mean '../configuration/Trace/Props/Scatterpolar/index.md#attributes'?
WARNING -  Doc file 'reference/props-docs/scatterpolar.md' contains a link '../../assets/example-charts/props/scatterpolar/simple-scatterpolar.png', but the target 'assets/example-charts/props/scatterpolar/simple-scatterpolar.png' is not found among documentation files.
WARNING -  Doc file 'reference/props-docs/scatterpolar.md' contains a link '../../assets/example-charts/props/scatterpolar/lines-scatterpolar.png', but the target 'assets/example-charts/props/scatterpolar/lines-scatterpolar.png' is not found among documentation files.
WARNING -  Doc file 'reference/props-docs/scatterpolar.md' contains a link '../../assets/example-charts/props/scatterpolar/custom-markers-scatterpolar.png', but the target 'assets/example-charts/props/scatterpolar/custom-markers-scatterpolar.png' is not found among documentation files.
INFO    -  Doc file 'reference/props-docs/scatterpolargl.md' contains an unrecognized relative link '../configuration/Trace/Props/Scatterpolargl/#attributes', it was left as is. Did you mean '../configuration/Trace/Props/Scatterpolargl/index.md#attributes'?
WARNING -  Doc file 'reference/props-docs/scatterpolargl.md' contains a link '../../assets/example-charts/props/scatterpolargl/simple-scatterpolargl.png', but the target 'assets/example-charts/props/scatterpolargl/simple-scatterpolargl.png' is not found among documentation files.
WARNING -  Doc file 'reference/props-docs/scatterpolargl.md' contains a link '../../assets/example-charts/props/scatterpolargl/lines-scatterpolargl.png', but the target 'assets/example-charts/props/scatterpolargl/lines-scatterpolargl.png' is not found among documentation files.
WARNING -  Doc file 'reference/props-docs/scatterpolargl.md' contains a link '../../assets/example-charts/props/scatterpolargl/custom-markers-scatterpolargl.png', but the target 'assets/example-charts/props/scatterpolargl/custom-markers-scatterpolargl.png' is not found among documentation files.
INFO    -  Doc file 'reference/props-docs/scattersmith.md' contains an unrecognized relative link '../configuration/Trace/Props/Scattersmith/#attributes', it was left as is. Did you mean '../configuration/Trace/Props/Scattersmith/index.md#attributes'?
WARNING -  Doc file 'reference/props-docs/scattersmith.md' contains a link '../../assets/example-charts/props/scattersmith/simple-scattersmith.png', but the target 'assets/example-charts/props/scattersmith/simple-scattersmith.png' is not found among documentation files.
WARNING -  Doc file 'reference/props-docs/scattersmith.md' contains a link '../../assets/example-charts/props/scattersmith/lines-scattersmith.png', but the target 'assets/example-charts/props/scattersmith/lines-scattersmith.png' is not found among documentation files.
WARNING -  Doc file 'reference/props-docs/scattersmith.md' contains a link '../../assets/example-charts/props/scattersmith/custom-markers-scattersmith.png', but the target 'assets/example-charts/props/scattersmith/custom-markers-scattersmith.png' is not found among documentation files.
INFO    -  Doc file 'reference/props-docs/scatterternary.md' contains an unrecognized relative link '../configuration/Trace/Props/Scatterternary/#attributes', it was left as is. Did you mean '../configuration/Trace/Props/Scatterternary/index.md#attributes'?
WARNING -  Doc file 'reference/props-docs/scatterternary.md' contains a link '../../assets/example-charts/props/scatterternary/simple-scatterternary.png', but the target 'assets/example-charts/props/scatterternary/simple-scatterternary.png' is not found among documentation files.
WARNING -  Doc file 'reference/props-docs/scatterternary.md' contains a link '../../assets/example-charts/props/scatterternary/lines-scatterternary.png', but the target 'assets/example-charts/props/scatterternary/lines-scatterternary.png' is not found among documentation files.
WARNING -  Doc file 'reference/props-docs/scatterternary.md' contains a link '../../assets/example-charts/props/scatterternary/custom-markers-scatterternary.png', but the target 'assets/example-charts/props/scatterternary/custom-markers-scatterternary.png' is not found among documentation files.
INFO    -  Doc file 'reference/props-docs/splom.md' contains an unrecognized relative link '../configuration/Trace/Props/Splom/#attributes', it was left as is. Did you mean '../configuration/Trace/Props/Splom/index.md#attributes'?
INFO    -  Doc file 'reference/props-docs/streamtube.md' contains an unrecognized relative link '../configuration/Trace/Props/Streamtube/#attributes', it was left as is. Did you mean '../configuration/Trace/Props/Streamtube/index.md#attributes'?
WARNING -  Doc file 'reference/props-docs/streamtube.md' contains a link '../../assets/example-charts/props/streamtube/simple-streamtube.png', but the target 'assets/example-charts/props/streamtube/simple-streamtube.png' is not found among documentation files.
WARNING -  Doc file 'reference/props-docs/streamtube.md' contains a link '../../assets/example-charts/props/streamtube/colored-streamtube.png', but the target 'assets/example-charts/props/streamtube/colored-streamtube.png' is not found among documentation files.
WARNING -  Doc file 'reference/props-docs/streamtube.md' contains a link '../../assets/example-charts/props/streamtube/custom-tube-size-streamtube.png', but the target 'assets/example-charts/props/streamtube/custom-tube-size-streamtube.png' is not found among documentation files.
INFO    -  Doc file 'reference/props-docs/sunburst.md' contains an unrecognized relative link '../configuration/Trace/Props/Sunburst/#attributes', it was left as is. Did you mean '../configuration/Trace/Props/Sunburst/index.md#attributes'?
INFO    -  Doc file 'reference/props-docs/surface.md' contains an unrecognized relative link '../configuration/Trace/Props/Surface/#attributes', it was left as is. Did you mean '../configuration/Trace/Props/Surface/index.md#attributes'?
WARNING -  Doc file 'reference/props-docs/surface.md' contains a link '../../assets/example-charts/props/surface/simple-surface.png', but the target 'assets/example-charts/props/surface/simple-surface.png' is not found among documentation files.
WARNING -  Doc file 'reference/props-docs/surface.md' contains a link '../../assets/example-charts/props/surface/custom-colorscale-surface.png', but the target 'assets/example-charts/props/surface/custom-colorscale-surface.png' is not found among documentation files.
WARNING -  Doc file 'reference/props-docs/surface.md' contains a link '../../assets/example-charts/props/surface/surface-with-contours.png', but the target 'assets/example-charts/props/surface/surface-with-contours.png' is not found among documentation files.
INFO    -  Doc file 'reference/props-docs/treemap.md' contains an unrecognized relative link '../configuration/Trace/Props/Treemap/#attributes', it was left as is. Did you mean '../configuration/Trace/Props/Treemap/index.md#attributes'?
INFO    -  Doc file 'reference/props-docs/violin.md' contains an unrecognized relative link '../configuration/Trace/Props/Violin/#attributes', it was left as is. Did you mean '../configuration/Trace/Props/Violin/index.md#attributes'?
INFO    -  Doc file 'reference/props-docs/volume.md' contains an unrecognized relative link '../configuration/Trace/Props/Volume/#attributes', it was left as is. Did you mean '../configuration/Trace/Props/Volume/index.md#attributes'?
INFO    -  Doc file 'reference/props-docs/waterfall.md' contains an unrecognized relative link '../configuration/Trace/Props/Waterfall/#attributes', it was left as is. Did you mean '../configuration/Trace/Props/Waterfall/index.md#attributes'?
WARNING -  Doc file 'topics/deployments.md' contains a link 'app.visivo.io', but the target 'topics/app.visivo.io' is not found among documentation files.
WARNING -  Doc file 'topics/deployments.md' contains a link 'app.visivo.io', but the target 'topics/app.visivo.io' is not found among documentation files.
WARNING -  Doc file 'topics/deployments.md' contains a link 'app.visivo.io', but the target 'topics/app.visivo.io' is not found among documentation files.
INFO    -  Doc file 'topics/interactivity.md' contains an absolute link '/../reference/configuration/Selector/', it was left as is.
INFO    -  Doc file 'topics/interactivity.md' contains an absolute link '/../reference/configuration/Selector/', it was left as is.
INFO    -  Doc file 'topics/interactivity.md' contains an absolute link '/../reference/functions/jinja/loops/', it was left as is.
INFO    -  Doc file 'topics/interactivity.md' contains an absolute link '/../reference/functions/jinja/macros/', it was left as is.
INFO    -  Doc file 'topics/interactivity.md' contains an unrecognized relative link '../reference/configuration/Selector/', it was left as is. Did you mean '../reference/configuration/Selector/index.md'?
INFO    -  Doc file 'topics/interactivity.md' contains an unrecognized relative link '../reference/configuration/Selector/', it was left as is. Did you mean '../reference/configuration/Selector/index.md'?
INFO    -  Doc file 'topics/interactivity.md' contains an unrecognized relative link '../reference/configuration/Selector/', it was left as is. Did you mean '../reference/configuration/Selector/index.md'?
INFO    -  Doc file 'topics/interactivity.md' contains an unrecognized relative link '../reference/configuration/Selector/', it was left as is. Did you mean '../reference/configuration/Selector/index.md'?
INFO    -  Doc file 'topics/interactivity.md' contains an unrecognized relative link '../reference/configuration/Selector/', it was left as is. Did you mean '../reference/configuration/Selector/index.md'?
INFO    -  Doc file 'topics/interactivity.md' contains an unrecognized relative link '../reference/configuration/Selector/', it was left as is. Did you mean '../reference/configuration/Selector/index.md'?
INFO    -  Doc file 'topics/interactivity.md' contains an unrecognized relative link '../reference/configuration/Dashboard/Row/Item/', it was left as is. Did you mean '../reference/configuration/Dashboard/Row/Item/index.md'?
INFO    -  Doc file 'topics/sources.md' contains an absolute link '/../reference/configuration/sources/PostgresqlSource/', it was left as is.
INFO    -  Doc file 'topics/sources.md' contains an absolute link '/../reference/configuration/Models/CsvScriptModel/', it was left as is.
INFO    -  Doc file 'topics/sources.md' contains an absolute link '/../reference/configuration/Sources/SqliteSource/', it was left as is.
INFO    -  Doc file 'topics/sources.md' contains an absolute link '/../reference/configuration/Sources/PostgresqlSource/', it was left as is.
INFO    -  Doc file 'topics/sources.md' contains an absolute link '/../reference/configuration/Sources/SnowflakeSource/', it was left as is.
INFO    -  Doc file 'topics/sources.md' contains an absolute link '/../reference/configuration/Sources/MysqlSource/', it was left as is.
INFO    -  Doc file 'topics/sources.md' contains an absolute link '/../reference/configuration/Sources/BigQuerySource/', it was left as is.
INFO    -  Doc file 'topics/sources.md' contains an absolute link '/../reference/configuration/Models/LocalMergeModel/', it was left as is.
INFO    -  Doc file 'topics/sources.md' contains an absolute link '/../reference/configuration/Models/CsvScriptModel/', it was left as is.
INFO    -  Doc file 'topics/sources.md' contains an absolute link '/../reference/functions/jinja/macros/#environment-variables-env_var', it was left as is.
INFO    -  Doc file 'topics/testing.md' contains an unrecognized relative link '../../reference/cli/#test', it was left as is. Did you mean '../reference/cli.md#test'?
INFO    -  Doc file 'reference/functions/jinja/macros.md' contains a link '#timedelta', but there is no such anchor on this page.
INFO    -  Documentation built in 8.87 seconds
INFO    -  [22:29:39] Watching paths for changes: 'mkdocs', 'mkdocs.yml', 'mkdocs/reference/props-docs/bar.md', 'mkdocs/reference/props-docs/barpolar.md', 'mkdocs/reference/props-docs/box.md', 'mkdocs/reference/props-docs/candlestick.md', 'mkdocs/reference/props-docs/carpet.md', 'mkdocs/reference/props-docs/choropleth.md', 'mkdocs/reference/props-docs/choroplethmapbox.md', 'mkdocs/reference/props-docs/cone.md', 'mkdocs/reference/props-docs/contour.md', 'mkdocs/reference/props-docs/contourcarpet.md', 'mkdocs/reference/props-docs/densitymapbox.md', 'mkdocs/reference/props-docs/funnel.md', 'mkdocs/reference/props-docs/funnelarea.md', 'mkdocs/reference/props-docs/heatmap.md', 'mkdocs/reference/props-docs/heatmapgl.md', 'mkdocs/reference/props-docs/histogram.md', 'mkdocs/reference/props-docs/histogram2d.md', 'mkdocs/reference/props-docs/histogram2dcontour.md', 'mkdocs/reference/props-docs/icicle.md', 'mkdocs/reference/props-docs/image.md', 'mkdocs/reference/props-docs/indicator.md', 'mkdocs/reference/props-docs/isosurface.md', 'mkdocs/reference/props-docs/mesh3d.md', 'mkdocs/reference/props-docs/ohlc.md', 'mkdocs/reference/props-docs/parcats.md', 'mkdocs/reference/props-docs/parcoords.md', 'mkdocs/reference/props-docs/pie.md', 'mkdocs/reference/props-docs/sankey.md', 'mkdocs/reference/props-docs/scatter.md', 'mkdocs/reference/props-docs/scatter3d.md', 'mkdocs/reference/props-docs/scattercarpet.md', 'mkdocs/reference/props-docs/scattergeo.md', 'mkdocs/reference/props-docs/scattergl.md', 'mkdocs/reference/props-docs/scattermapbox.md', 'mkdocs/reference/props-docs/scatterpolar.md', 'mkdocs/reference/props-docs/scatterpolargl.md', 'mkdocs/reference/props-docs/scattersmith.md', 'mkdocs/reference/props-docs/scatterternary.md', 'mkdocs/reference/props-docs/splom.md', 'mkdocs/reference/props-docs/streamtube.md', 'mkdocs/reference/props-docs/sunburst.md', 'mkdocs/reference/props-docs/surface.md', 'mkdocs/reference/props-docs/treemap.md', 'mkdocs/reference/props-docs/violin.md', 'mkdocs/reference/props-docs/volume.md', 'mkdocs/reference/props-docs/waterfall.md'
INFO    -  [22:29:39] Serving on http://127.0.0.1:8000/
